<?xml version="1.0" encoding="UTF-8" ?>
<testsuite tests="1" failures="1" name="fr.ortolang.teicorpo.TestFromClan" time="0.399" errors="0" skipped="0">
  <properties>
    <property name="java.runtime.name" value="OpenJDK Runtime Environment"/>
    <property name="java.vm.version" value="19.0.1+10-21"/>
    <property name="sun.boot.library.path" value="/Library/Java/JavaVirtualMachines/jdk-19.0.1.jdk/Contents/Home/lib"/>
    <property name="maven.multiModuleProjectDirectory" value="/Users/cp/devlopt/teicorpo"/>
    <property name="java.vm.vendor" value="Oracle Corporation"/>
    <property name="java.vendor.url" value="https://java.oracle.com/"/>
    <property name="guice.disable.misplaced.annotation.check" value="true"/>
    <property name="path.separator" value=":"/>
    <property name="java.vm.name" value="OpenJDK 64-Bit Server VM"/>
    <property name="user.country" value="FR"/>
    <property name="sun.java.launcher" value="SUN_STANDARD"/>
    <property name="java.vm.specification.name" value="Java Virtual Machine Specification"/>
    <property name="user.dir" value="/Users/cp/devlopt/teicorpo"/>
    <property name="java.vm.compressedOopsMode" value="Zero based"/>
    <property name="java.runtime.version" value="19.0.1+10-21"/>
    <property name="os.arch" value="aarch64"/>
    <property name="java.io.tmpdir" value="/var/folders/fr/jhr15dt55dx06hl13hkff_200000gn/T/"/>
    <property name="line.separator" value="
"/>
    <property name="java.vm.specification.vendor" value="Oracle Corporation"/>
    <property name="stderr.encoding" value="UTF-8"/>
    <property name="os.name" value="Mac OS X"/>
    <property name="classworlds.conf" value="/Users/cp/apache-maven/bin/m2.conf"/>
    <property name="sun.jnu.encoding" value="UTF-8"/>
    <property name="stdout.encoding" value="UTF-8"/>
    <property name="java.library.path" value="/Users/cp/Library/Java/Extensions:/Library/Java/Extensions:/Network/Library/Java/Extensions:/System/Library/Java/Extensions:/usr/lib/java:."/>
    <property name="maven.conf" value="/Users/cp/apache-maven/conf"/>
    <property name="jdk.debug" value="release"/>
    <property name="java.class.version" value="63.0"/>
    <property name="java.specification.name" value="Java Platform API Specification"/>
    <property name="sun.management.compiler" value="HotSpot 64-Bit Tiered Compilers"/>
    <property name="os.version" value="13.2.1"/>
    <property name="library.jansi.path" value="/Users/cp/apache-maven/lib/jansi-native"/>
    <property name="user.home" value="/Users/cp"/>
    <property name="user.timezone" value="Europe/Paris"/>
    <property name="file.encoding" value="UTF-8"/>
    <property name="java.specification.version" value="19"/>
    <property name="user.name" value="cp"/>
    <property name="java.class.path" value="/Users/cp/apache-maven/boot/plexus-classworlds-2.6.0.jar"/>
    <property name="java.vm.specification.version" value="19"/>
    <property name="sun.arch.data.model" value="64"/>
    <property name="sun.java.command" value="org.codehaus.plexus.classworlds.launcher.Launcher package"/>
    <property name="java.home" value="/Library/Java/JavaVirtualMachines/jdk-19.0.1.jdk/Contents/Home"/>
    <property name="apple.awt.application.name" value="Launcher"/>
    <property name="user.language" value="en"/>
    <property name="java.specification.vendor" value="Oracle Corporation"/>
    <property name="java.vm.info" value="mixed mode, sharing"/>
    <property name="java.version" value="19.0.1"/>
    <property name="native.encoding" value="UTF-8"/>
    <property name="java.vendor" value="Oracle Corporation"/>
    <property name="maven.home" value="/Users/cp/apache-maven"/>
    <property name="file.separator" value="/"/>
    <property name="java.version.date" value="2022-10-18"/>
    <property name="java.vendor.url.bug" value="https://bugreport.java.com/bugreport/"/>
    <property name="sun.io.unicode.encoding" value="UnicodeBig"/>
    <property name="sun.cpu.endian" value="little"/>
  </properties>
  <testcase classname="fr.ortolang.teicorpo.TestFromClan" name="test" time="0.399">
    <failure message="The files differ!" type="java.lang.AssertionError">java.lang.AssertionError: The files differ!
	at org.junit.Assert.fail(Assert.java:89)
	at fr.ortolang.teicorpo.RunTeiCorpo.runcpx(RunTeiCorpo.java:39)
	at fr.ortolang.teicorpo.RunTeiCorpo.run(RunTeiCorpo.java:13)
	at fr.ortolang.teicorpo.TestFromClan.test(TestFromClan.java:60)
	at java.base/jdk.internal.reflect.DirectMethodHandleAccessor.invoke(DirectMethodHandleAccessor.java:104)
	at java.base/java.lang.reflect.Method.invoke(Method.java:578)
	at org.junit.runners.model.FrameworkMethod$1.runReflectiveCall(FrameworkMethod.java:59)
	at org.junit.internal.runners.model.ReflectiveCallable.run(ReflectiveCallable.java:12)
	at org.junit.runners.model.FrameworkMethod.invokeExplosively(FrameworkMethod.java:56)
	at org.junit.internal.runners.statements.InvokeMethod.evaluate(InvokeMethod.java:17)
	at org.junit.runners.ParentRunner$3.evaluate(ParentRunner.java:306)
	at org.junit.runners.BlockJUnit4ClassRunner$1.evaluate(BlockJUnit4ClassRunner.java:100)
	at org.junit.runners.ParentRunner.runLeaf(ParentRunner.java:366)
	at org.junit.runners.BlockJUnit4ClassRunner.runChild(BlockJUnit4ClassRunner.java:103)
	at org.junit.runners.BlockJUnit4ClassRunner.runChild(BlockJUnit4ClassRunner.java:63)
	at org.junit.runners.ParentRunner$4.run(ParentRunner.java:331)
	at org.junit.runners.ParentRunner$1.schedule(ParentRunner.java:79)
	at org.junit.runners.ParentRunner.runChildren(ParentRunner.java:329)
	at org.junit.runners.ParentRunner.access$100(ParentRunner.java:66)
	at org.junit.runners.ParentRunner$2.evaluate(ParentRunner.java:293)
	at org.junit.runners.ParentRunner$3.evaluate(ParentRunner.java:306)
	at org.junit.runners.ParentRunner.run(ParentRunner.java:413)
	at org.apache.maven.surefire.junit4.JUnit4Provider.execute(JUnit4Provider.java:252)
	at org.apache.maven.surefire.junit4.JUnit4Provider.executeTestSet(JUnit4Provider.java:141)
	at org.apache.maven.surefire.junit4.JUnit4Provider.invoke(JUnit4Provider.java:112)
	at java.base/jdk.internal.reflect.DirectMethodHandleAccessor.invoke(DirectMethodHandleAccessor.java:104)
	at java.base/java.lang.reflect.Method.invoke(Method.java:578)
	at org.apache.maven.surefire.util.ReflectionUtils.invokeMethodWithArray(ReflectionUtils.java:189)
	at org.apache.maven.surefire.booter.ProviderFactory$ProviderProxy.invoke(ProviderFactory.java:165)
	at org.apache.maven.surefire.booter.ProviderFactory.invokeProvider(ProviderFactory.java:85)
	at org.apache.maven.surefire.booter.ForkedBooter.runSuitesInProcess(ForkedBooter.java:115)
	at org.apache.maven.surefire.booter.ForkedBooter.main(ForkedBooter.java:75)
</failure>
    <system-out>Conversions from Clan
Working Directory = /Users/cp/devlopt/teicorpo

Clan to TEI
mainCommand: (-from clan /Users/cp/devlopt/teicorpo/test/data/sources/clan/TestClan1.cha -to tei -o /Users/cp/devlopt/teicorpo/test/data/dest/clan/TestClan1.cha.tei_corpo.xml -v -test)
File: /Users/cp/devlopt/teicorpo/test/data/sources/clan/TestClan1.cha --&gt; /Users/cp/devlopt/teicorpo/test/data/dest/clan/TestClan1.cha.tei_corpo.xml
Clan: source: /Users/cp/devlopt/teicorpo/test/data/sources/clan/TestClan1.cha
Clan: target: /var/folders/fr/jhr15dt55dx06hl13hkff_200000gn/T/teitempfile13516107811349251223.tei_corpo.xml
Moved to: /Users/cp/devlopt/teicorpo/test/data/dest/clan/TestClan1.cha.tei_corpo.xml
Comparing files:
	/Users/cp/devlopt/teicorpo/test/data/dest/clan/TestClan1.cha.tei_corpo.xml
and	/Users/cp/devlopt/teicorpo/test/data/dest/clan/TestClan1.cha.tei_corpo.xml.correct
The files are identical!

TEI (from Clan) to Clan
mainCommand: (-from tei /Users/cp/devlopt/teicorpo/test/data/dest/clan/TestClan1.cha.tei_corpo.xml -to clan -o /Users/cp/devlopt/teicorpo/test/data/dest/clan/TestClan1.cha.tei_corpo.cha -v -test)
File: /Users/cp/devlopt/teicorpo/test/data/dest/clan/TestClan1.cha.tei_corpo.xml --&gt; /Users/cp/devlopt/teicorpo/test/data/dest/clan/TestClan1.cha.tei_corpo.cha
Comparing files:
	/Users/cp/devlopt/teicorpo/test/data/dest/clan/TestClan1.cha.tei_corpo.cha
and	/Users/cp/devlopt/teicorpo/test/data/dest/clan/TestClan1.cha.tei_corpo.cha.correct
The files are identical!

Clan to TEI
mainCommand: (-from clan /Users/cp/devlopt/teicorpo/test/data/sources/clan/testclan2.cha -to tei -o /Users/cp/devlopt/teicorpo/test/data/dest/clan/testclan2.cha.tei_corpo.xml -v -test)
File: /Users/cp/devlopt/teicorpo/test/data/sources/clan/testclan2.cha --&gt; /Users/cp/devlopt/teicorpo/test/data/dest/clan/testclan2.cha.tei_corpo.xml
Clan: source: /Users/cp/devlopt/teicorpo/test/data/sources/clan/testclan2.cha
Clan: target: /var/folders/fr/jhr15dt55dx06hl13hkff_200000gn/T/teitempfile14152380477002231849.tei_corpo.xml
Moved to: /Users/cp/devlopt/teicorpo/test/data/dest/clan/testclan2.cha.tei_corpo.xml
Comparing files:
	/Users/cp/devlopt/teicorpo/test/data/dest/clan/testclan2.cha.tei_corpo.xml
and	/Users/cp/devlopt/teicorpo/test/data/dest/clan/testclan2.cha.tei_corpo.xml.correct
The files are identical!

TEI (from Clan) to Clan
mainCommand: (-from tei /Users/cp/devlopt/teicorpo/test/data/dest/clan/testclan2.cha.tei_corpo.xml -to clan -o /Users/cp/devlopt/teicorpo/test/data/dest/clan/testclan2.cha.tei_corpo.cha -v -test)
File: /Users/cp/devlopt/teicorpo/test/data/dest/clan/testclan2.cha.tei_corpo.xml --&gt; /Users/cp/devlopt/teicorpo/test/data/dest/clan/testclan2.cha.tei_corpo.cha
Comparing files:
	/Users/cp/devlopt/teicorpo/test/data/dest/clan/testclan2.cha.tei_corpo.cha
and	/Users/cp/devlopt/teicorpo/test/data/dest/clan/testclan2.cha.tei_corpo.cha.correct
The files are identical!

Clan to TEI
mainCommand: (-from clan /Users/cp/devlopt/teicorpo/test/data/sources/clan/064.cha -to tei -o /Users/cp/devlopt/teicorpo/test/data/dest/clan/064.cha.tei_corpo.xml -v -test)
File: /Users/cp/devlopt/teicorpo/test/data/sources/clan/064.cha --&gt; /Users/cp/devlopt/teicorpo/test/data/dest/clan/064.cha.tei_corpo.xml
Clan: source: /Users/cp/devlopt/teicorpo/test/data/sources/clan/064.cha
Clan: target: /var/folders/fr/jhr15dt55dx06hl13hkff_200000gn/T/teitempfile3256460015574318249.tei_corpo.xml
Moved to: /Users/cp/devlopt/teicorpo/test/data/dest/clan/064.cha.tei_corpo.xml
Comparing files:
	/Users/cp/devlopt/teicorpo/test/data/dest/clan/064.cha.tei_corpo.xml
and	/Users/cp/devlopt/teicorpo/test/data/dest/clan/064.cha.tei_corpo.xml.correct
</system-out>
    <system-err>ClanToTei /Users/cp/devlopt/teicorpo/test/data/sources/clan/TestClan1.cha -- fr.ortolang.teicorpo.TierParams@179ece50 
fmt: .cha
dtd: FALSE
addTempl: mod
addTempl: pho
addTempl: tim
addTempl: sit
ClanToTei /Users/cp/devlopt/teicorpo/test/data/sources/clan/testclan2.cha -- fr.ortolang.teicorpo.TierParams@24aed80c 
fmt: .cha
dtd: FALSE
addTempl: mod
addTempl: pho
addTempl: tim
addTempl: sit
ClanToTei /Users/cp/devlopt/teicorpo/test/data/sources/clan/064.cha -- fr.ortolang.teicorpo.TierParams@24313fcc 
fmt: .cha
dtd: FALSE
addTempl: mor
addTempl: gra
</system-err>
  </testcase>
</testsuite>