<?xml version="1.0" encoding="UTF-8" ?>
<testsuite tests="1" failures="0" name="fr.ortolang.teicorpo.TestFromClan" time="6.367" errors="0" skipped="0">
  <properties>
    <property name="java.runtime.name" value="OpenJDK Runtime Environment"/>
    <property name="java.vm.version" value="11+28"/>
    <property name="sun.boot.library.path" value="C:\Users\cp\jdk-11\bin"/>
    <property name="maven.multiModuleProjectDirectory" value="C:\devlopt\teicorpo"/>
    <property name="java.vm.vendor" value="Oracle Corporation"/>
    <property name="java.vendor.url" value="http://java.oracle.com/"/>
    <property name="guice.disable.misplaced.annotation.check" value="true"/>
    <property name="path.separator" value=";"/>
    <property name="java.vm.name" value="OpenJDK 64-Bit Server VM"/>
    <property name="sun.os.patch.level" value=""/>
    <property name="user.script" value=""/>
    <property name="user.country" value="FR"/>
    <property name="sun.java.launcher" value="SUN_STANDARD"/>
    <property name="java.vm.specification.name" value="Java Virtual Machine Specification"/>
    <property name="user.dir" value="C:\devlopt\teicorpo"/>
    <property name="java.vm.compressedOopsMode" value="Zero based"/>
    <property name="java.runtime.version" value="11+28"/>
    <property name="java.awt.graphicsenv" value="sun.awt.Win32GraphicsEnvironment"/>
    <property name="os.arch" value="amd64"/>
    <property name="java.io.tmpdir" value="C:\Users\cp\AppData\Local\Temp\"/>
    <property name="line.separator" value="
"/>
    <property name="java.vm.specification.vendor" value="Oracle Corporation"/>
    <property name="user.variant" value=""/>
    <property name="os.name" value="Windows 10"/>
    <property name="classworlds.conf" value="C:\Users\cp\apache-maven-3.6.3\bin\..\bin\m2.conf"/>
    <property name="sun.jnu.encoding" value="Cp1252"/>
    <property name="java.library.path" value="C:\Users\cp\jdk-11\bin;C:\WINDOWS\Sun\Java\bin;C:\WINDOWS\system32;C:\WINDOWS;C:\Users\cp\Anaconda3;C:\Users\cp\Anaconda3\Library\mingw-w64\bin;C:\Users\cp\Anaconda3\Library\usr\bin;C:\Users\cp\Anaconda3\Library\bin;C:\Users\cp\Anaconda3\Scripts;C:\Users\cp\Anaconda3\bin;C:\Users\cp\Anaconda3\condabin;C:\Program Files\PowerShell\7;C:\Users\cp\Python3.9\Scripts;C:\Users\cp\Python3.9;C:\Program Files (x86)\Razer Chroma SDK\bin;C:\Program Files\Razer Chroma SDK\bin;C:\Program Files (x86)\Razer\ChromaBroadcast\bin;C:\Program Files\Razer\ChromaBroadcast\bin;C:\Program Files (x86)\NVIDIA Corporation\PhysX\Common;C:\WINDOWS\system32;C:\WINDOWS;C:\WINDOWS\System32\Wbem;C:\WINDOWS\System32\WindowsPowerShell\v1.0;C:\WINDOWS\System32\OpenSSH;C:\ProgramData\chocolatey\bin;C:\WINDOWS\system32\config\systemprofile\AppData\Local\Microsoft\WindowsApps;C:\Program Files\Git LFS;C:\Program Files\Git\cmd;C:\Program Files\Calibre2;C:\Program Files\PowerShell\7-preview\preview;C:\Strawberry\c\bin;C:\Strawberry\perl\site\bin;C:\Strawberry\perl\bin;C:\Program Files\dotnet;C:\Program Files\jEdit;C:\Program Files (x86)\Incredibuild;C:\Program Files\Pandoc;C:\Program Files (x86)\PDFtk\bin;C:\Program Files (x86)\PDFtk Server\bin;C:\Program Files\nodejs;C:\Program Files\Docker\Docker\resources\bin;C:\ProgramData\DockerDesktop\version-bin;C:\Program Files (x86)\dotnet;C:\Program Files\PowerShell\7;C:\Users\cp\.cargo\bin;C:\Users\cp\python3.7\Scripts;C:\Users\cp\python3.7;C:\Users\cp\AppData\Local\Microsoft\WindowsApps;C:\Users\cp\AppData\Local\Programs\Microsoft VS Code\bin;C:\Users\cp\AppData\Local\Programs\Microsoft VS Code Insiders\bin;C:\Users\cp\jdk-11\bin;C:\Users\cp\apache-maven-3.6.3\bin;C:\Program Files\Sublime Text 3;C:\Users\cp\cmd;C:\Program Files\JetBrains\IntelliJ IDEA 2020.3\bin;C:\Users\cp\.dotnet\tools;C:\Users\cp\AppData\Roaming\cabal\bin;C:\tools\msys64;C:\Users\cp\AppData\Local\atom\bin;C:\Users\cp\AppData\Local\GitHubDesktop\bin;C:\Users\cp\AppData\Roaming\npm;C:\Program Files\JetBrains\WebStorm 2021.3.1\bin;C:\Users\cp\.dotnet\tools;."/>
    <property name="maven.conf" value="C:\Users\cp\apache-maven-3.6.3\bin\../conf"/>
    <property name="jdk.debug" value="release"/>
    <property name="java.class.version" value="55.0"/>
    <property name="java.specification.name" value="Java Platform API Specification"/>
    <property name="sun.management.compiler" value="HotSpot 64-Bit Tiered Compilers"/>
    <property name="os.version" value="10.0"/>
    <property name="library.jansi.path" value="C:\Users\cp\apache-maven-3.6.3\bin\..\lib\jansi-native"/>
    <property name="user.home" value="C:\Users\cp"/>
    <property name="user.timezone" value="Europe/Paris"/>
    <property name="java.awt.printerjob" value="sun.awt.windows.WPrinterJob"/>
    <property name="file.encoding" value="Cp1252"/>
    <property name="java.specification.version" value="11"/>
    <property name="user.name" value="cp"/>
    <property name="java.class.path" value="C:\Users\cp\apache-maven-3.6.3\bin\..\boot\plexus-classworlds-2.6.0.jar"/>
    <property name="java.vm.specification.version" value="11"/>
    <property name="sun.arch.data.model" value="64"/>
    <property name="sun.java.command" value="org.codehaus.plexus.classworlds.launcher.Launcher package"/>
    <property name="java.home" value="C:\Users\cp\jdk-11"/>
    <property name="user.language" value="fr"/>
    <property name="java.specification.vendor" value="Oracle Corporation"/>
    <property name="awt.toolkit" value="sun.awt.windows.WToolkit"/>
    <property name="java.vm.info" value="mixed mode"/>
    <property name="java.version" value="11"/>
    <property name="java.vendor" value="Oracle Corporation"/>
    <property name="sun.stderr.encoding" value="cp850"/>
    <property name="maven.home" value="C:\Users\cp\apache-maven-3.6.3\bin\.."/>
    <property name="file.separator" value="\"/>
    <property name="java.version.date" value="2018-09-25"/>
    <property name="java.vendor.url.bug" value="http://bugreport.java.com/bugreport/"/>
    <property name="sun.io.unicode.encoding" value="UnicodeLittle"/>
    <property name="sun.cpu.endian" value="little"/>
    <property name="java.vendor.version" value="18.9"/>
    <property name="sun.stdout.encoding" value="cp850"/>
    <property name="sun.desktop" value="windows"/>
    <property name="sun.cpu.isalist" value="amd64"/>
  </properties>
  <testcase classname="fr.ortolang.teicorpo.TestFromClan" name="test" time="6.367"/>
</testsuite>